 Number to append to dat file
 Number of CIS states          20
 Time step (in au) and number of steps  0.200000000000000            10000
 Time shape of the perturbing fieldpip
 time at the center of the pulse (au):   20.0000000000000     
 Width of the pulse (time au):   250.000000000000     
 Frequency (au):  0.262961000000000     
 Molecular center of charge
  0.000000000000000E+000  0.000000000000000E+000 -0.750000000000000     
 Nanoparticle as external medium
 This is a standard PCM nanoparticle run
 This is full run reading matrix and boundary
 Use GS RF as coded in the ci_energy.inp values
 Written out the propagation BEM matrixes
 Medium contribution to ground state free energy: -7.830607959605428E-005
 G_neq at t=0:  0.000000000000000E+000
 in correct hamiltonian
           1           1 -1.566121591921087E-004
           1           2  1.364254787803224E-021
           1           3 -3.694129529799115E-014
           1           4 -5.529081369674730E-014
           1           5  4.920473024344990E-008
           1           6  9.996053989083564E-011
           1           7  2.052985284815601E-005
           1           8 -1.028641892307779E-013
           1           9 -2.834853336404437E-014
           1          10  4.193156821179503E-005
           1          11 -1.476946625988058E-020
           1          12  4.923043875551601E-014
           1          13 -1.759597460919354E-013
           1          14  5.490200420027357E-008
           1          15 -6.103110653846049E-008
           1          16 -1.265139230676611E-013
           1          17  2.765480654235456E-014
           1          18  1.883002448553942E-005
           1          19 -1.819727531938631E-005
           1          20  1.221362462020769E-013
           1          21  4.676245201175444E-014
           2           1  1.364254787803224E-021
           2           2 -6.448854542729434E-005
           2           3 -1.562924976502947E-013
           2           4  1.036143094871031E-013
           2           5 -6.958548979577862E-010
           2           6  3.426050817844249E-007
           2           7 -5.844626253312261E-022
           2           8 -1.854639329371527E-014
           2           9  7.833103612091011E-014
           2          10  3.416199439161088E-021
           2          11  8.679888843506088E-005
           2          12 -1.514173443175275E-013
           2          13 -4.405365907022897E-014
           2          14  9.905443324123430E-008
           2          15  8.910474114005113E-008
           2          16  5.382209631676695E-015
           2          17  2.570830156467809E-014
           2          18  5.197394850055542E-022
           2          19 -7.741496146365005E-022
           2          20  8.433414034762689E-015
           2          21 -2.023209830415555E-014
           3           1 -3.694129529799115E-014
           3           2 -1.562924976502947E-013
           3           3  1.126211698238037E-004
           3           4  5.553171495597087E-008
           3           5  1.711744841114119E-013
           3           6 -9.141177886930021E-014
           3           7  6.893104536166993E-014
           3           8 -1.253073423126944E-005
           3           9  1.145400405464525E-005
           3          10 -1.632069607065678E-013
           3          11 -2.227115377689812E-013
           3          12 -4.232562742236952E-005
           3          13 -5.142546467309443E-005
           3          14  5.777449981940547E-014
           3          15 -2.363074593291142E-013
           3          16  2.838860229000695E-006
           3          17  2.326691462079687E-006
           3          18 -1.064953056981529E-014
           3          19  8.595131123460754E-015
           3          20  3.947772275749332E-006
           3          21  1.624862510806225E-005
           4           1 -5.529081369674730E-014
           4           2  1.036143094871031E-013
           4           3  5.553171495597087E-008
           4           4  1.124153725748553E-004
           4           5 -9.142023298272403E-014
           4           6 -1.711737492700051E-013
           4           7  9.886115986347136E-014
           4           8 -1.143881640318729E-005
           4           9 -1.246639361810877E-005
           4          10 -2.473992454097311E-013
           4          11  1.471888990812706E-013
           4          12  5.142550420350796E-005
           4          13 -4.232563535262366E-005
           4          14 -2.363072397879350E-013
           4          15 -5.777091553496907E-014
           4          16  2.335727335787222E-006
           4          17 -2.874470809381186E-006
           4          18 -1.615045560956041E-014
           4          19  8.259008691643943E-015
           4          20  1.625511109654035E-005
           4          21 -3.953571515324007E-006
           5           1  4.920473024344990E-008
           5           2 -6.958548979577862E-010
           5           3  1.711744841114119E-013
           5           4 -9.142023298272403E-014
           5           5 -4.695772344762244E-005
           5           6 -3.916533813376179E-009
           5           7 -7.278048479097217E-009
           5           8 -3.766988504453224E-014
           5           9  9.558640030894221E-014
           5          10  1.946490557700472E-007
           5          11 -4.164464500639005E-010
           5          12  1.647089424196218E-013
           5          13  6.995700456497768E-014
           5          14  5.969774935751972E-005
           5          15 -6.663283813953771E-005
           5          16  1.001150395500126E-015
           5          17  1.002033060027748E-015
           5          18  2.337871590987600E-009
           5          19  3.481812446180728E-008
           5          20 -4.674452317865456E-015
           5          21  1.352026692836420E-014
           6           1  9.996053989083564E-011
           6           2  3.426050817844249E-007
           6           3 -9.141177886930021E-014
           6           4 -1.711737492700051E-013
           6           5 -3.916533813376179E-009
           6           6 -4.695772318338798E-005
           6           7 -1.479272525494466E-011
           6           8  9.559394340348287E-014
           6           9  3.766930795742840E-014
           6          10  3.953530690066439E-010
           6          11  2.050378725118477E-007
           6          12  6.995518369229527E-014
           6          13 -1.647086463551369E-013
           6          14  6.663702743326977E-005
           6          15  5.969044980261680E-005
           6          16 -9.948254125061840E-016
           6          17  1.005387118825617E-015
           6          18  4.745965204258615E-012
           6          19  7.266441294341961E-011
           6          20 -1.352588478817267E-014
           6          21 -4.679568895966974E-015
           7           1  2.052985284815601E-005
           7           2 -5.844626253312261E-022
           7           3  6.893104536166993E-014
           7           4  9.886115986347136E-014
           7           5 -7.278048479097217E-009
           7           6 -1.479272525494466E-011
           7           7  6.235722756528167E-005
           7           8 -3.014975422349019E-013
           7           9 -8.020383163204192E-014
           7          10  1.011361294671707E-006
           7          11 -3.290864104358010E-021
           7          12 -1.898153000008351E-016
           7          13  6.686077655805125E-016
           7          14 -8.796747810084999E-009
           7          15  9.777948453089866E-009
           7          16 -2.524614071843786E-013
           7          17  6.305276097610248E-014
           7          18 -5.204518116731242E-005
           7          19  7.169588691746155E-005
           7          20 -4.912035033489859E-014
           7          21 -1.753756562582845E-014
           8           1 -1.028641892307779E-013
           8           2 -1.854639329371527E-014
           8           3 -1.253073423126944E-005
           8           4 -1.143881640318729E-005
           8           5 -3.766988504453224E-014
           8           6  9.559394340348287E-014
           8           7 -3.014975422349019E-013
           8           8 -4.117577908239970E-005
           8           9  2.184369313866079E-007
           8          10  1.000024075358542E-013
           8          11 -2.679037926363940E-015
           8          12 -3.010163757360863E-007
           8          13  1.071458562178459E-005
           8          14  1.603635354167549E-014
           8          15  3.091499591594151E-014
           8          16  4.723243536444263E-005
           8          17  7.074630127304488E-007
           8          18 -2.803731910342606E-013
           8          19 -6.353377615001975E-014
           8          20  5.186230189538747E-005
           8          21  3.621651442331496E-005
           9           1 -2.834853336404437E-014
           9           2  7.833103612091011E-014
           9           3  1.145400405464525E-005
           9           4 -1.246639361810877E-005
           9           5  9.558640030894221E-014
           9           6  3.766930795742840E-014
           9           7 -8.020383163204192E-014
           9           8  2.184369313866079E-007
           9           9 -4.086878117609078E-005
           9          10  2.466199177382448E-014
           9          11  1.270148770438004E-014
           9          12 -1.071231164704625E-005
           9          13 -3.040874184431473E-007
           9          14  3.090615647816202E-014
           9          15 -1.603026981759112E-014
           9          16  9.574617520035191E-007
           9          17 -4.740194237952847E-005
           9          18 -7.122839180690950E-014
           9          19 -1.658731439960664E-014
           9          20  3.646291335065607E-005
           9          21 -5.186305031860646E-005
          10           1  4.193156821179503E-005
          10           2  3.416199439161088E-021
          10           3 -1.632069607065678E-013
          10           4 -2.473992454097311E-013
          10           5  1.946490557700472E-007
          10           6  3.953530690066439E-010
          10           7  1.011361294671707E-006
          10           8  1.000024075358542E-013
          10           9  2.466199177382448E-014
          10          10  5.692658761275752E-005
          10          11  1.077339739027656E-020
          10          12  7.380330835968219E-014
          10          13 -2.561705671151896E-013
          10          14  2.088941757089387E-007
          10          15 -2.322196843294897E-007
          10          16  4.530741362778893E-014
          10          17 -1.026208937602947E-014
          10          18 -3.985256930779678E-006
          10          19  7.307267209325458E-006
          10          20 -1.835349023178519E-015
          10          21  1.371630509888180E-015
          11           1 -1.476946625988058E-020
          11           2  8.679888843506088E-005
          11           3 -2.227115377689812E-013
          11           4  1.471888990812706E-013
          11           5 -4.164464500639005E-010
          11           6  2.050378725118477E-007
          11           7 -3.290864104358010E-021
          11           8 -2.679037926363940E-015
          11           9  1.270148770438004E-014
          11          10  1.077339739027656E-020
          11          11  3.439684423501907E-006
          11          12 -2.393347488223948E-013
          11          13 -6.839266241278273E-014
          11          14  4.159084386863579E-007
          11          15  3.741318031941296E-007
          11          16 -1.594149245041634E-014
          11          17 -7.120002878319126E-014
          11          18 -4.960573872453201E-021
          11          19  2.575198154971040E-020
          11          20  3.156449374115778E-014
          11          21 -8.370622904700467E-014
          12           1  4.923043875551601E-014
          12           2 -1.514173443175275E-013
          12           3 -4.232562742236952E-005
          12           4  5.142550420350796E-005
          12           5  1.647089424196218E-013
          12           6  6.995518369229527E-014
          12           7 -1.898153000008351E-016
          12           8 -3.010163757360863E-007
          12           9 -1.071231164704625E-005
          12          10  7.380330835968219E-014
          12          11 -2.393347488223948E-013
          12          12 -2.104642356693385E-005
          12          13  9.240276171455689E-008
          12          14  2.094077033702528E-013
          12          15 -9.710922064384650E-014
          12          16  3.566599332086709E-007
          12          17 -4.277792230559070E-006
          12          18 -3.659031299712073E-014
          12          19  1.396750536139816E-014
          12          20  1.472047955236089E-005
          12          21 -1.929255762501046E-005
          13           1 -1.759597460919354E-013
          13           2 -4.405365907022897E-014
          13           3 -5.142546467309443E-005
          13           4 -4.232563535262366E-005
          13           5  6.995700456497768E-014
          13           6 -1.647086463551369E-013
          13           7  6.686077655805125E-016
          13           8  1.071458562178459E-005
          13           9 -3.040874184431473E-007
          13          10 -2.561705671151896E-013
          13          11 -6.839266241278273E-014
          13          12  9.240276171455689E-008
          13          13 -2.089626773604874E-005
          13          14 -9.711000095226964E-014
          13          15 -2.094091845328857E-013
          13          16 -4.298310517836026E-006
          13          17 -3.847439925745117E-007
          13          18  1.316472989558475E-013
          13          19 -4.942576887188868E-014
          13          20 -1.929334004991268E-005
          13          21 -1.474114246346647E-005
          14           1  5.490200420027357E-008
          14           2  9.905443324123430E-008
          14           3  5.777449981940547E-014
          14           4 -2.363072397879350E-013
          14           5  5.969774935751972E-005
          14           6  6.663702743326977E-005
          14           7 -8.796747810084999E-009
          14           8  1.603635354167549E-014
          14           9  3.090615647816202E-014
          14          10  2.088941757089387E-007
          14          11  4.159084386863579E-007
          14          12  2.094077033702528E-013
          14          13 -9.711000095226964E-014
          14          14 -9.892647634930925E-006
          14          15  0.000000000000000E+000
          14          16  4.184662589874743E-014
          14          17 -8.028516580451939E-014
          14          18 -4.949331123799343E-011
          14          19  5.186010801129666E-008
          14          20 -1.092624777720907E-014
          14          21  3.999220807788011E-015
          15           1 -6.103110653846049E-008
          15           2  8.910474114005113E-008
          15           3 -2.363074593291142E-013
          15           4 -5.777091553496907E-014
          15           5 -6.663283813953771E-005
          15           6  5.969044980261680E-005
          15           7  9.777948453089866E-009
          15           8  3.091499591594151E-014
          15           9 -1.603026981759112E-014
          15          10 -2.322196843294897E-007
          15          11  3.741318031941296E-007
          15          12 -9.710922064384650E-014
          15          13 -2.094091845328857E-013
          15          14  0.000000000000000E+000
          15          15 -9.901787526276837E-006
          15          16  8.028890808096977E-014
          15          17  4.184505788545890E-014
          15          18  5.423313667660520E-011
          15          19 -5.764910191949002E-008
          15          20 -4.002310871557342E-015
          15          21 -1.092610702115751E-014
          16           1 -1.265139230676611E-013
          16           2  5.382209631676695E-015
          16           3  2.838860229000695E-006
          16           4  2.335727335787222E-006
          16           5  1.001150395500126E-015
          16           6 -9.948254125061840E-016
          16           7 -2.524614071843786E-013
          16           8  4.723243536444263E-005
          16           9  9.574617520035191E-007
          16          10  4.530741362778893E-014
          16          11 -1.594149245041634E-014
          16          12  3.566599332086709E-007
          16          13 -4.298310517836026E-006
          16          14  4.184662589874743E-014
          16          15  8.028890808096977E-014
          16          16 -6.836481387420638E-005
          16          17 -2.623844993795259E-007
          16          18 -2.603629782437706E-013
          16          19  5.102740874557478E-014
          16          20  1.544296899716548E-006
          16          21  1.118004254990143E-006
          17           1  2.765480654235456E-014
          17           2  2.570830156467809E-014
          17           3  2.326691462079687E-006
          17           4 -2.874470809381186E-006
          17           5  1.002033060027748E-015
          17           6  1.005387118825617E-015
          17           7  6.305276097610248E-014
          17           8  7.074630127304488E-007
          17           9 -4.740194237952847E-005
          17          10 -1.026208937602947E-014
          17          11 -7.120002878319126E-014
          17          12 -4.277792230559070E-006
          17          13 -3.847439925745117E-007
          17          14 -8.028516580451939E-014
          17          15  4.184505788545890E-014
          17          16 -2.623844993795259E-007
          17          17 -6.802161737594886E-005
          17          18  6.020455687694807E-014
          17          19 -1.206470348002774E-014
          17          20 -1.361731185541784E-006
          17          21  1.540966902468879E-006
          18           1  1.883002448553942E-005
          18           2  5.197394850055542E-022
          18           3 -1.064953056981529E-014
          18           4 -1.615045560956041E-014
          18           5  2.337871590987600E-009
          18           6  4.745965204258615E-012
          18           7 -5.204518116731242E-005
          18           8 -2.803731910342606E-013
          18           9 -7.122839180690950E-014
          18          10 -3.985256930779678E-006
          18          11 -4.960573872453201E-021
          18          12 -3.659031299712073E-014
          18          13  1.316472989558475E-013
          18          14 -4.949331123799343E-011
          18          15  5.423313667660520E-011
          18          16 -2.603629782437706E-013
          18          17  6.020455687694807E-014
          18          18 -6.449703754091863E-005
          18          19 -9.909496052477589E-006
          18          20 -2.288017930824519E-013
          18          21 -8.779149519267632E-014
          19           1 -1.819727531938631E-005
          19           2 -7.741496146365005E-022
          19           3  8.595131123460754E-015
          19           4  8.259008691643943E-015
          19           5  3.481812446180728E-008
          19           6  7.266441294341961E-011
          19           7  7.169588691746155E-005
          19           8 -6.353377615001975E-014
          19           9 -1.658731439960664E-014
          19          10  7.307267209325458E-006
          19          11  2.575198154971040E-020
          19          12  1.396750536139816E-014
          19          13 -4.942576887188868E-014
          19          14  5.186010801129666E-008
          19          15 -5.764910191949002E-008
          19          16  5.102740874557478E-014
          19          17 -1.206470348002774E-014
          19          18 -9.909496052477589E-006
          19          19  1.370112850983466E-004
          19          20 -3.119961619475000E-013
          19          21 -1.130556316611455E-013
          20           1  1.221362462020769E-013
          20           2  8.433414034762689E-015
          20           3  3.947772275749332E-006
          20           4  1.625511109654035E-005
          20           5 -4.674452317865456E-015
          20           6 -1.352588478817267E-014
          20           7 -4.912035033489859E-014
          20           8  5.186230189538747E-005
          20           9  3.646291335065607E-005
          20          10 -1.835349023178519E-015
          20          11  3.156449374115778E-014
          20          12  1.472047955236089E-005
          20          13 -1.929334004991268E-005
          20          14 -1.092624777720907E-014
          20          15 -4.002310871557342E-015
          20          16  1.544296899716548E-006
          20          17 -1.361731185541784E-006
          20          18 -2.288017930824519E-013
          20          19 -3.119961619475000E-013
          20          20  2.805123185131298E-005
          20          21 -3.219885522626516E-007
          21           1  4.676245201175444E-014
          21           2 -2.023209830415555E-014
          21           3  1.624862510806225E-005
          21           4 -3.953571515324007E-006
          21           5  1.352026692836420E-014
          21           6 -4.679568895966974E-015
          21           7 -1.753756562582845E-014
          21           8  3.621651442331496E-005
          21           9 -5.186305031860646E-005
          21          10  1.371630509888180E-015
          21          11 -8.370622904700467E-014
          21          12 -1.929255762501046E-005
          21          13 -1.474114246346647E-005
          21          14  3.999220807788011E-015
          21          15 -1.092610702115751E-014
          21          16  1.118004254990143E-006
          21          17  1.540966902468879E-006
          21          18 -8.779149519267632E-014
          21          19 -1.130556316611455E-013
          21          20 -3.219885522626516E-007
          21          21  2.760449121160748E-005
 h_mdm at the first propagation step
           1           1  1.084202172485504E-019
           1           2  7.523163845262640E-037
           1           3  1.190933286923222E-021
           1           4 -5.376673981594680E-024
           1           5  6.617444900424221E-023
           1           6  2.455692443516801E-023
           1           7  1.355252715606881E-020
           1           8 -6.660354894700410E-022
           1           9  5.922613185879678E-022
           1          10 -1.355252715606881E-020
           1          11  2.407412430484045E-035
           1          12  1.182454685644553E-021
           1          13  8.928380736744242E-022
           1          14 -2.646977960169689E-023
           1          15  7.940933880509066E-023
           1          16  1.926697517092069E-021
           1          17  9.516712947422583E-022
           1          18  0.000000000000000E+000
           1          19 -1.016439536705160E-020
           1          20 -1.383459574494939E-021
           1          21 -6.166631466582821E-022
           2           1  7.523163845262640E-037
           2           2 -4.065758146820642E-020
           2           3  9.769003034251257E-022
           2           4  3.834809319795836E-021
           2           5 -1.706060013390620E-023
           2           6  6.352747104407253E-022
           2           7  6.582768364604810E-037
           2           8  3.600303616137053E-022
           2           9 -9.318706588292702E-022
           2          10 -1.504632769052528E-036
           2          11  4.065758146820642E-020
           2          12  1.230431161172629E-021
           2          13 -6.977268466884788E-022
           2          14  6.617444900424221E-023
           2          15 -4.632211430296955E-022
           2          16 -2.988189962847812E-023
           2          17 -1.980322085240233E-022
           2          18 -4.701977403289150E-037
           2          19 -1.128474576789396E-036
           2          20 -2.596313147650816E-022
           2          21 -7.522173695404095E-024
           3           1  1.190933286923222E-021
           3           2  9.769003034251257E-022
           3           3 -4.065758146820642E-020
           3           4  1.323488980084844E-023
           3           5 -1.480239706163643E-021
           3           6 -2.028246861980024E-021
           3           7 -6.342407346750340E-022
           3           8 -5.082197683525802E-021
           3           9 -3.388131789017201E-021
           3          10  4.025888041295586E-021
           3          11 -1.628718626116911E-021
           3          12  6.776263578034403E-021
           3          13  0.000000000000000E+000
           3          14  5.714990852128868E-021
           3          15 -3.475399343641546E-021
           3          16 -4.235164736271502E-022
           3          17  4.235164736271502E-022
           3          18  1.858054450947238E-022
           3          19 -2.657317717826601E-023
           3          20 -1.694065894508601E-021
           3          21  0.000000000000000E+000
           4           1 -5.376673981594680E-024
           4           2  3.834809319795836E-021
           4           3  1.323488980084844E-023
           4           4  1.355252715606881E-020
           4           5 -6.088049308390284E-022
           4           6  5.567339112788153E-021
           4           7 -6.401343965394743E-022
           4           8  0.000000000000000E+000
           4           9 -5.082197683525802E-021
           4          10  1.249869905567625E-021
           4          11 -2.712325228561378E-021
           4          12  6.776263578034403E-021
           4          13  2.710505431213761E-020
           4          14  1.257004338350895E-021
           4          15 -4.480837378199751E-021
           4          16  4.235164736271502E-022
           4          17 -1.270549420881451E-021
           4          18  3.867069363685404E-022
           4          19  1.571643163850753E-023
           4          20 -1.355252715606881E-020
           4          21  0.000000000000000E+000
           5           1  6.617444900424221E-023
           5           2 -1.706060013390620E-023
           5           3 -1.480239706163643E-021
           5           4 -6.088049308390284E-022
           5           5  6.776263578034403E-021
           5           6  4.963083675318166E-024
           5           7  9.926167350636332E-024
           5           8  2.392413126656494E-021
           5           9  2.268542829926678E-021
           5          10  1.588186776101813E-022
           5          11  1.188038154779286E-022
           5          12  6.646396221863577E-022
           5          13  3.658206259015765E-021
           5          14  0.000000000000000E+000
           5          15 -2.710505431213761E-020
           5          16  1.292469707114106E-024
           5          17 -2.098970804353308E-023
           5          18 -8.271806125530277E-025
           5          19 -3.308722450212111E-023
           5          20 -6.317591928373749E-023
           5          21  2.574341162629876E-022
           6           1  2.455692443516801E-023
           6           2  6.352747104407253E-022
           6           3 -2.028246861980024E-021
           6           4  5.567339112788153E-021
           6           5  4.963083675318166E-024
           6           6  0.000000000000000E+000
           6           7  9.919705002100762E-025
           6           8  2.946313944337315E-022
           6           9 -9.041084095204592E-022
           6          10 -1.559235454662457E-022
           6          11 -2.117582368135751E-022
           6          12  1.291228936195276E-021
           6          13 -2.269576805692370E-022
           6          14 -2.710505431213761E-020
           6          15  4.743384504624082E-020
           6          16 -7.134432783269864E-024
           6          17  6.583840688039255E-023
           6          18  2.027561853035253E-024
           6          19 -6.093994669043009E-023
           6          20 -4.921724644690515E-023
           6          21 -7.175791813897515E-023
           7           1  1.355252715606881E-020
           7           2  6.582768364604810E-037
           7           3 -6.342407346750340E-022
           7           4 -6.401343965394743E-022
           7           5  9.926167350636332E-024
           7           6  9.919705002100762E-025
           7           7  1.355252715606881E-020
           7           8 -9.412281395087764E-022
           7           9 -1.842958404768146E-021
           7          10 -1.270549420881451E-021
           7          11  0.000000000000000E+000
           7          12 -4.846761401677897E-026
           7          13 -4.346939132129863E-024
           7          14  1.654361225106055E-024
           7          15  8.271806125530277E-024
           7          16 -8.045623926785308E-021
           7          17 -8.652309207304669E-022
           7          18 -6.776263578034403E-021
           7          19 -4.065758146820642E-020
           7          20  8.964569888543437E-023
           7          21  1.159914013952483E-021
           8           1 -6.660354894700410E-022
           8           2  3.600303616137053E-022
           8           3 -5.082197683525802E-021
           8           4  0.000000000000000E+000
           8           5  2.392413126656494E-021
           8           6  2.946313944337315E-022
           8           7 -9.412281395087764E-022
           8           8  2.032879073410321E-020
           8           9 -9.529120656610879E-022
           8          10 -1.859295221866068E-021
           8          11  7.412313770299396E-024
           8          12 -2.117582368135751E-022
           8          13 -1.694065894508601E-021
           8          14  3.184645358329157E-023
           8          15 -9.957186623607071E-022
           8          16 -2.710505431213761E-020
           8          17  1.058791184067875E-022
           8          18 -5.318771338715968E-022
           8          19 -5.879186203720644E-022
           8          20  1.355252715606881E-020
           8          21  0.000000000000000E+000
           9           1  5.922613185879678E-022
           9           2 -9.318706588292702E-022
           9           3 -3.388131789017201E-021
           9           4 -5.082197683525802E-021
           9           5  2.268542829926678E-021
           9           6 -9.041084095204592E-022
           9           7 -1.842958404768146E-021
           9           8 -9.529120656610879E-022
           9           9  1.355252715606881E-020
           9          10  1.116280236640311E-021
           9          11 -6.004733479895441E-023
           9          12  0.000000000000000E+000
           9          13 -3.176373552203626E-022
           9          14  7.031035206700735E-024
           9          15 -5.469731800506896E-023
           9          16  8.470329472543003E-022
           9          17 -1.355252715606881E-020
           9          18  1.502987173008851E-021
           9          19  7.541819234952230E-022
           9          20 -1.355252715606881E-020
           9          21  3.388131789017201E-020
          10           1 -1.355252715606881E-020
          10           2 -1.504632769052528E-036
          10           3  4.025888041295586E-021
          10           4  1.249869905567625E-021
          10           5  1.588186776101813E-022
          10           6 -1.559235454662457E-022
          10           7 -1.270549420881451E-021
          10           8 -1.859295221866068E-021
          10           9  1.116280236640311E-021
          10          10 -2.032879073410321E-020
          10          11 -1.053242938336770E-035
          10          12  4.489936364937834E-021
          10          13 -9.936920698599521E-021
          10          14 -1.058791184067875E-022
          10          15 -3.441071348220595E-022
          10          16  6.109762799469801E-022
          10          17  1.235601040001085E-022
          10          18  8.470329472543003E-022
          10          19  1.694065894508601E-021
          10          20  6.436499141428247E-023
          10          21  8.426902490383969E-023
          11           1  2.407412430484045E-035
          11           2  4.065758146820642E-020
          11           3 -1.628718626116911E-021
          11           4 -2.712325228561378E-021
          11           5  1.188038154779286E-022
          11           6 -2.117582368135751E-022
          11           7  0.000000000000000E+000
          11           8  7.412313770299396E-024
          11           9 -6.004733479895441E-023
          11          10 -1.053242938336770E-035
          11          11 -4.235164736271502E-022
          11          12  3.525753963430711E-021
          11          13  8.263534319404746E-022
          11          14 -5.293955920339377E-023
          11          15  0.000000000000000E+000
          11          16 -1.832205056804956E-022
          11          17  3.782735715296209E-022
          11          18 -3.761581922631320E-036
          11          19 -9.027796614315168E-036
          11          20  2.399857752169472E-021
          11          21  1.380978032657280E-021
          12           1  1.182454685644553E-021
          12           2  1.230431161172629E-021
          12           3  6.776263578034403E-021
          12           4  6.776263578034403E-021
          12           5  6.646396221863577E-022
          12           6  1.291228936195276E-021
          12           7 -4.846761401677897E-026
          12           8 -2.117582368135751E-022
          12           9  0.000000000000000E+000
          12          10  4.489936364937834E-021
          12          11  3.525753963430711E-021
          12          12 -1.016439536705160E-020
          12          13 -1.455837878093329E-022
          12          14 -3.391440511467413E-021
          12          15  1.985233470127266E-023
          12          16  1.588186776101813E-022
          12          17  4.235164736271502E-021
          12          18 -2.584939414228211E-022
          12          19 -3.234276195082338E-022
          12          20 -3.388131789017201E-021
          12          21  1.016439536705160E-020
          13           1  8.928380736744242E-022
          13           2 -6.977268466884788E-022
          13           3  0.000000000000000E+000
          13           4  2.710505431213761E-020
          13           5  3.658206259015765E-021
          13           6 -2.269576805692370E-022
          13           7 -4.346939132129863E-024
          13           8 -1.694065894508601E-021
          13           9 -3.176373552203626E-022
          13          10 -9.936920698599521E-021
          13          11  8.263534319404746E-022
          13          12 -1.455837878093329E-022
          13          13  3.388131789017201E-021
          13          14 -3.171410468528308E-021
          13          15  1.216162295606089E-021
          13          16  0.000000000000000E+000
          13          17 -2.117582368135751E-022
          13          18  3.991766841027773E-021
          13          19 -2.111352664147461E-021
          13          20  1.355252715606881E-020
          13          21 -1.524659305057741E-020
          14           1 -2.646977960169689E-023
          14           2  6.617444900424221E-023
          14           3  5.714990852128868E-021
          14           4  1.257004338350895E-021
          14           5  0.000000000000000E+000
          14           6 -2.710505431213761E-020
          14           7  1.654361225106055E-024
          14           8  3.184645358329157E-023
          14           9  7.031035206700735E-024
          14          10 -1.058791184067875E-022
          14          11 -5.293955920339377E-023
          14          12 -3.391440511467413E-021
          14          13 -3.171410468528308E-021
          14          14 -1.694065894508601E-021
          14          15  0.000000000000000E+000
          14          16  1.672972788888498E-022
          14          17 -1.583740680309341E-021
          14          18  5.299125799167834E-025
          14          19  1.323488980084844E-023
          14          20 -3.045058629960833E-023
          14          21 -1.788778074645922E-022
          15           1  7.940933880509066E-023
          15           2 -4.632211430296955E-022
          15           3 -3.475399343641546E-021
          15           4 -4.480837378199751E-021
          15           5 -2.710505431213761E-020
          15           6  4.743384504624082E-020
          15           7  8.271806125530277E-024
          15           8 -9.957186623607071E-022
          15           9 -5.469731800506896E-023
          15          10 -3.441071348220595E-022
          15          11  0.000000000000000E+000
          15          12  1.985233470127266E-023
          15          13  1.216162295606089E-021
          15          14  0.000000000000000E+000
          15          15 -6.776263578034403E-021
          15          16 -4.696317927769815E-022
          15          17  8.759842686936563E-022
          15          18 -3.295797753140970E-025
          15          19  6.617444900424221E-024
          15          20  2.901335998529745E-022
          15          21 -4.386125198062429E-022
          16           1  1.926697517092069E-021
          16           2 -2.988189962847812E-023
          16           3 -4.235164736271502E-022
          16           4  4.235164736271502E-022
          16           5  1.292469707114106E-024
          16           6 -7.134432783269864E-024
          16           7 -8.045623926785308E-021
          16           8 -2.710505431213761E-020
          16           9  8.470329472543003E-022
          16          10  6.109762799469801E-022
          16          11 -1.832205056804956E-022
          16          12  1.588186776101813E-022
          16          13  0.000000000000000E+000
          16          14  1.672972788888498E-022
          16          15 -4.696317927769815E-022
          16          16  2.710505431213761E-020
          16          17  2.646977960169689E-022
          16          18  1.917611455051056E-021
          16          19 -2.696091809040025E-022
          16          20 -4.235164736271502E-022
          16          21 -8.470329472543003E-022
          17           1  9.516712947422583E-022
          17           2 -1.980322085240233E-022
          17           3  4.235164736271502E-022
          17           4 -1.270549420881451E-021
          17           5 -2.098970804353308E-023
          17           6  6.583840688039255E-023
          17           7 -8.652309207304669E-022
          17           8  1.058791184067875E-022
          17           9 -1.355252715606881E-020
          17          10  1.235601040001085E-022
          17          11  3.782735715296209E-022
          17          12  4.235164736271502E-021
          17          13 -2.117582368135751E-022
          17          14 -1.583740680309341E-021
          17          15  8.759842686936563E-022
          17          16  2.646977960169689E-022
          17          17 -4.065758146820642E-020
          17          18  3.915045839213480E-021
          17          19 -1.927330827248554E-022
          17          20  6.352747104407253E-022
          17          21  0.000000000000000E+000
          18           1  0.000000000000000E+000
          18           2 -4.701977403289150E-037
          18           3  1.858054450947238E-022
          18           4  3.867069363685404E-022
          18           5 -8.271806125530277E-025
          18           6  2.027561853035253E-024
          18           7 -6.776263578034403E-021
          18           8 -5.318771338715968E-022
          18           9  1.502987173008851E-021
          18          10  8.470329472543003E-022
          18          11 -3.761581922631320E-036
          18          12 -2.584939414228211E-022
          18          13  3.991766841027773E-021
          18          14  5.299125799167834E-025
          18          15 -3.295797753140970E-025
          18          16  1.917611455051056E-021
          18          17  3.915045839213480E-021
          18          18  0.000000000000000E+000
          18          19  8.470329472543003E-021
          18          20  1.581776126354527E-021
          18          21 -9.181704799338607E-021
          19           1 -1.016439536705160E-020
          19           2 -1.128474576789396E-036
          19           3 -2.657317717826601E-023
          19           4  1.571643163850753E-023
          19           5 -3.308722450212111E-023
          19           6 -6.093994669043009E-023
          19           7 -4.065758146820642E-020
          19           8 -5.879186203720644E-022
          19           9  7.541819234952230E-022
          19          10  1.694065894508601E-021
          19          11 -9.027796614315168E-036
          19          12 -3.234276195082338E-022
          19          13 -2.111352664147461E-021
          19          14  1.323488980084844E-023
          19          15  6.617444900424221E-024
          19          16 -2.696091809040025E-022
          19          17 -1.927330827248554E-022
          19          18  8.470329472543003E-021
          19          19 -8.131516293641283E-020
          19          20 -8.054257624428830E-021
          19          21  4.903526671214348E-021
          20           1 -1.383459574494939E-021
          20           2 -2.596313147650816E-022
          20           3 -1.694065894508601E-021
          20           4 -1.355252715606881E-020
          20           5 -6.317591928373749E-023
          20           6 -4.921724644690515E-023
          20           7  8.964569888543437E-023
          20           8  1.355252715606881E-020
          20           9 -1.355252715606881E-020
          20          10  6.436499141428247E-023
          20          11  2.399857752169472E-021
          20          12 -3.388131789017201E-021
          20          13  1.355252715606881E-020
          20          14 -3.045058629960833E-023
          20          15  2.901335998529745E-022
          20          16 -4.235164736271502E-022
          20          17  6.352747104407253E-022
          20          18  1.581776126354527E-021
          20          19 -8.054257624428830E-021
          20          20  3.388131789017201E-021
          20          21 -1.270549420881451E-021
          21           1 -6.166631466582821E-022
          21           2 -7.522173695404095E-024
          21           3  0.000000000000000E+000
          21           4  0.000000000000000E+000
          21           5  2.574341162629876E-022
          21           6 -7.175791813897515E-023
          21           7  1.159914013952483E-021
          21           8  0.000000000000000E+000
          21           9  3.388131789017201E-020
          21          10  8.426902490383969E-023
          21          11  1.380978032657280E-021
          21          12  1.016439536705160E-020
          21          13 -1.524659305057741E-020
          21          14 -1.788778074645922E-022
          21          15 -4.386125198062429E-022
          21          16 -8.470329472543003E-022
          21          17  0.000000000000000E+000
          21          18 -9.181704799338607E-021
          21          19  4.903526671214348E-021
          21          20 -1.270549420881451E-021
          21          21 -6.776263578034403E-021
