 Number to append to dat file
 Number of CIS states          20
 Time step (in au) and number of steps  0.200000000000000            20000
 Time shape of the perturbing fieldsin
 time at the center of the pulse (au):   20.0000000000000     
 Width of the pulse (time au):   250.000000000000     
 Frequency (au):  0.100000000000000     
 Molecular center of charge
  0.000000000000000E+000  0.000000000000000E+000 -0.750000000000000     
 Excitation energies read from input, in Hartree
           1  0.239112586453266     
           2  0.241826934444482     
           3  0.241826934444483     
           4  0.248364097359873     
           5  0.248364097359873     
           6  0.263270199733100     
           7  0.290161822174999     
           8  0.290161822175000     
           9  0.305231458544038     
          10  0.330367998998101     
          11  0.332490283548124     
          12  0.332490283548125     
          13  0.335926858919788     
          14  0.335926858919788     
          15  0.370836751304406     
          16  0.370836751304407     
          17  0.383498978420701     
          18  0.392838853504006     
          19  0.418787031104571     
          20  0.418787031104575     
 
 Nanoparticle as external medium
 This is a standard PCM nanoparticle run
 This is full run reading matrix and boundary
 Use GS RF as coded in the ci_energy.inp values
Done reading input & setting up the field, took     0.167s
 Squares of resonance frequencies, in a.u.
           1  0.000000000000000E+000
           2  3.331834481034083E-002
           3  3.331834481058252E-002
           4  3.331834481061336E-002
           5  3.997268046070473E-002
           6  3.997268046071650E-002
           7  3.997268046123172E-002
           8  3.997268046131967E-002
           9  3.997268046155554E-002
          10  4.277043760845226E-002
          11  4.277043760890214E-002
          12  4.277043760973648E-002
          13  4.284279059811590E-002
          14  4.284279059842837E-002
          15  4.284279059936520E-002
          16  4.284279059988114E-002
          17  4.435901646715270E-002
          18  4.435901646744625E-002
          19  4.435901646759838E-002
          20  4.435901646767013E-002
          21  4.435901646827705E-002
          22  4.439406614187415E-002
          23  4.439406614232427E-002
          24  4.439406614247921E-002
          25  4.439406614296453E-002
          26  4.534124965844834E-002
          27  4.534124965977917E-002
          28  4.534124966030673E-002
          29  4.534921984773555E-002
          30  4.534921984789963E-002
          31  4.534921984819312E-002
          32  4.534921984946937E-002
          33  4.534921984974901E-002
          34  4.537106953346638E-002
          35  4.537106953369673E-002
          36  4.537106953382401E-002
          37  4.599902119641365E-002
          38  4.599902119666319E-002
          39  4.599902119782012E-002
          40  4.599902119804877E-002
          41  4.599902119830723E-002
          42  4.600299009944653E-002
          43  4.601903154384508E-002
          44  4.601903154410090E-002
          45  4.601903154596269E-002
          46  4.602873566391785E-002
          47  4.602873566428145E-002
          48  4.602873566490720E-002
          49  4.602873566531551E-002
          50  4.646744915001538E-002
          51  4.646744915079812E-002
          52  4.646744915114645E-002
          53  4.646983915879316E-002
          54  4.646983915892618E-002
          55  4.646983915912879E-002
          56  4.646983915963542E-002
          57  4.646983916165816E-002
          58  4.648334173039831E-002
          59  4.648334173060428E-002
          60  4.648334173090333E-002
          61  4.648334173117941E-002
          62  4.648982819197476E-002
          63  4.648982819224477E-002
          64  4.648982819291787E-002
          65  4.677455596243861E-002
          66  4.677455596304801E-002
          67  4.677455596416340E-002
          68  4.677455596445325E-002
          69  4.678477612499875E-002
          70  4.678477612559805E-002
          71  4.678477612569032E-002
          72  4.678477612581889E-002
          73  4.678477612631896E-002
          74  4.681628113089636E-002
          75  4.681628113291286E-002
          76  4.681628113314232E-002
          77  4.685410782298394E-002
          78  4.685410782366183E-002
          79  4.685410782380354E-002
          80  4.685410782397544E-002
          81  4.685410782406885E-002
          82  4.696554724585474E-002
          83  4.696554724657759E-002
          84  4.696554724709837E-002
          85  4.696554724723235E-002
          86  4.700423699750477E-002
          87  4.700423699772436E-002
          88  4.700423699848907E-002
          89  4.704247228923077E-002
          90  4.704247228953701E-002
          91  4.704247228968809E-002
          92  4.704247229014803E-002
          93  4.704247229036732E-002
          94  4.706669278485827E-002
          95  4.706669278532732E-002
          96  4.706669278536274E-002
          97  4.708603309236914E-002
          98  4.708603309251607E-002
          99  4.708603309286863E-002
         100  4.709335925479762E-002
         101  4.709335925487089E-002
         102  4.709335925489003E-002
         103  4.711854456974505E-002
         104  4.711854456994782E-002
         105  4.711854457051244E-002
         106  4.711854457111274E-002
         107  4.726090193015700E-002
         108  4.726090193027844E-002
         109  4.726090193050653E-002
         110  4.726090193115733E-002
         111  4.728274614329970E-002
         112  4.728274614388717E-002
         113  4.728274614401320E-002
         114  4.728274614469357E-002
         115  4.728274614511364E-002
         116  4.734756240936904E-002
         117  4.734756240978391E-002
         118  4.734756240983661E-002
         119  4.734756241034905E-002
         120  4.734756241037144E-002
         121  4.754394923161712E-002
         122  4.754394923228693E-002
         123  4.754394923303203E-002
         124  4.758456814025429E-002
         125  4.758456814027275E-002
         126  4.758456814121544E-002
         127  4.764292392976599E-002
         128  4.764292392994240E-002
         129  4.764292393013831E-002
         130  4.764292393018398E-002
         131  4.764292393038728E-002
         132  4.767435367674066E-002
         133  4.767435367694662E-002
         134  4.767435367791879E-002
         135  4.768987823679374E-002
         136  4.769115134061486E-002
         137  4.769115134067496E-002
         138  4.769115134091165E-002
         139  4.769115134114942E-002
         140  4.769115134133822E-002
         141  4.770603114773665E-002
         142  4.770603114804388E-002
         143  4.770603114830132E-002
         144  4.770603114877205E-002
         145  4.770603114897918E-002
         146  4.771841104103369E-002
         147  4.771841104123523E-002
         148  4.771841104143814E-002
         149  4.771841104169122E-002
         150  4.772825082433879E-002
         151  4.772825082495756E-002
         152  4.772825082499128E-002
         153  4.776217386141964E-002
         154  4.776217386159699E-002
         155  4.776217386189119E-002
         156  4.776217386195301E-002
         157  4.776217386218223E-002
         158  4.776453237272696E-002
         159  4.776453237281878E-002
         160  4.776453237379941E-002
         161  4.777611638710334E-002
         162  4.777611638719437E-002
         163  4.777611638767096E-002
         164  4.777611638802096E-002
         165  4.779512351189522E-002
         166  4.779512351198726E-002
         167  4.779512351223041E-002
         168  4.779512351232238E-002
         169  4.781503526956445E-002
         170  4.781503526994754E-002
         171  4.781503527004214E-002
         172  4.781503527029889E-002
         173  4.781503527030168E-002
         174  4.784856097711586E-002
         175  4.784856097735308E-002
         176  4.784856097788180E-002
         177  4.784856097803621E-002
         178  4.785403833588480E-002
         179  4.785403833612503E-002
         180  4.785403833655766E-002
         181  4.785403833675474E-002
         182  4.785403833691110E-002
         183  4.789145023781582E-002
         184  4.789145023814051E-002
         185  4.789145023827631E-002
         186  4.792258378489584E-002
         187  4.792258378511920E-002
         188  4.792258378561764E-002
         189  4.793063292892734E-002
         190  4.793063292951560E-002
         191  4.793063292965079E-002
         192  4.793097415323946E-002
         193  4.793097415338950E-002
         194  4.793097415345032E-002
         195  4.793097415398842E-002
         196  4.793097415422189E-002
         197  4.794231662568592E-002
         198  4.794231662614450E-002
         199  4.794231662642180E-002
         200  4.794231662649326E-002
         201  4.798032645127170E-002
         202  4.798032645245260E-002
         203  4.798032645273186E-002
         204  4.798748702363567E-002
         205  4.799284742560835E-002
         206  4.799284742588672E-002
         207  4.799284742594987E-002
         208  4.799284742610670E-002
         209  4.800942068645238E-002
         210  4.800942068675267E-002
         211  4.800942068702174E-002
         212  4.800942068721568E-002
         213  4.800942068738792E-002
         214  4.803557498760260E-002
         215  4.803557498789601E-002
         216  4.803557498834008E-002
         217  4.805818650554876E-002
         218  4.805818650602572E-002
         219  4.805818650622693E-002
         220  4.805818650653491E-002
         221  4.805818650658681E-002
         222  4.806180415150989E-002
         223  4.806180415177714E-002
         224  4.806180415185363E-002
         225  4.808522469499859E-002
         226  4.808522469530901E-002
         227  4.808522469549600E-002
         228  4.808522469554641E-002
         229  4.808522469609630E-002
         230  4.810286171237645E-002
         231  4.810286171275543E-002
         232  4.810286171328836E-002
         233  4.810286171341174E-002
         234  4.812817246376794E-002
         235  4.812817246440767E-002
         236  4.812817246464950E-002
         237  4.812817246465626E-002
         238  4.813065248598868E-002
         239  4.813065248666378E-002
         240  4.813065248668175E-002
 Written out the propagation BEM matrixes
 Medium contribution to ground state free energy: -7.830607959605425E-005
 G_neq at t=0:  0.000000000000000E+000
 in correct hamiltonian
           1           1 -1.566121591921087E-004
           1           2  1.364254787803224E-021
           1           3 -3.694129521382552E-014
           1           4 -5.529081364918442E-014
           1           5  4.920473024344992E-008
           1           6  9.996053989082329E-011
           1           7  2.052985284815601E-005
           1           8 -1.028641892206450E-013
           1           9 -2.834853279494411E-014
           1          10  4.193156821179503E-005
           1          11 -1.476946625988059E-020
           1          12  4.923043822446606E-014
           1          13 -1.759597460813888E-013
           1          14  5.490200420027357E-008
           1          15 -6.103110653846050E-008
           1          16 -1.265139229956964E-013
           1          17  2.765480653573712E-014
           1          18  1.883002448553942E-005
           1          19 -1.819727531938631E-005
           1          20  1.221362470832311E-013
           1          21  4.676245239515265E-014
           2           1  1.364254787803224E-021
           2           2 -6.448854542729434E-005
           2           3 -1.562924978099405E-013
           2           4  1.036143115740798E-013
           2           5 -6.958548979577788E-010
           2           6  3.426050817844250E-007
           2           7 -5.844626253312263E-022
           2           8 -1.854639315826445E-014
           2           9  7.833103700221935E-014
           2          10  3.416199439161087E-021
           2          11  8.679888843506088E-005
           2          12 -1.514173444529784E-013
           2          13 -4.405365842502809E-014
           2          14  9.905443324123433E-008
           2          15  8.910474114005113E-008
           2          16  5.382209588921797E-015
           2          17  2.570830198391649E-014
           2          18  5.197394850055545E-022
           2          19 -7.741496146365007E-022
           2          20  8.433414058182240E-015
           2          21 -2.023209836808110E-014
           3           1 -3.694129521382552E-014
           3           2 -1.562924978099405E-013
           3           3  1.126211698238037E-004
           3           4  5.553171495597089E-008
           3           5  1.711744858861279E-013
           3           6 -9.141177896938907E-014
           3           7  6.893104576905638E-014
           3           8 -1.253073423126944E-005
           3           9  1.145400405464525E-005
           3          10 -1.632069614262149E-013
           3          11 -2.227115356042495E-013
           3          12 -4.232562742236952E-005
           3          13 -5.142546467309443E-005
           3          14  5.777450172522960E-014
           3          15 -2.363074589324811E-013
           3          16  2.838860229000695E-006
           3          17  2.326691462079687E-006
           3          18 -1.064953062875191E-014
           3          19  8.595131101437070E-015
           3          20  3.947772275749332E-006
           3          21  1.624862510806225E-005
           4           1 -5.529081364918442E-014
           4           2  1.036143115740798E-013
           4           3  5.553171495597089E-008
           4           4  1.124153725748553E-004
           4           5 -9.142023149958919E-014
           4           6 -1.711737475308579E-013
           4           7  9.886115962958605E-014
           4           8 -1.143881640318729E-005
           4           9 -1.246639361810877E-005
           4          10 -2.473992472121577E-013
           4          11  1.471888998472398E-013
           4          12  5.142550420350795E-005
           4          13 -4.232563535262366E-005
           4          14 -2.363072376380926E-013
           4          15 -5.777091890324853E-014
           4          16  2.335727335787222E-006
           4          17 -2.874470809381186E-006
           4          18 -1.615045566482641E-014
           4          19  8.259008575425067E-015
           4          20  1.625511109654035E-005
           4          21 -3.953571515324007E-006
           5           1  4.920473024344992E-008
           5           2 -6.958548979577788E-010
           5           3  1.711744858861279E-013
           5           4 -9.142023149958919E-014
           5           5 -4.695772344762244E-005
           5           6 -3.916533813376179E-009
           5           7 -7.278048479097217E-009
           5           8 -3.766988526083997E-014
           5           9  9.558640012468772E-014
           5          10  1.946490557700473E-007
           5          11 -4.164464500638441E-010
           5          12  1.647089418525895E-013
           5          13  6.995700514483129E-014
           5          14  5.969774935751972E-005
           5          15 -6.663283813953772E-005
           5          16  1.001150376552520E-015
           5          17  1.002033038947567E-015
           5          18  2.337871590987600E-009
           5          19  3.481812446180729E-008
           5          20 -4.674452205162098E-015
           5          21  1.352026695514417E-014
           6           1  9.996053989082329E-011
           6           2  3.426050817844250E-007
           6           3 -9.141177896938907E-014
           6           4 -1.711737475308579E-013
           6           5 -3.916533813376179E-009
           6           6 -4.695772318338798E-005
           6           7 -1.479272525494267E-011
           6           8  9.559394280874001E-014
           6           9  3.766930826555318E-014
           6          10  3.953530690065869E-010
           6          11  2.050378725118477E-007
           6          12  6.995518413318254E-014
           6          13 -1.647086458273957E-013
           6          14  6.663702743326977E-005
           6          15  5.969044980261678E-005
           6          16 -9.948254077886695E-016
           6          17  1.005387120919418E-015
           6          18  4.745965204257832E-012
           6          19  7.266441294341173E-011
           6          20 -1.352588476128930E-014
           6          21 -4.679568806217878E-015
           7           1  2.052985284815601E-005
           7           2 -5.844626253312263E-022
           7           3  6.893104576905638E-014
           7           4  9.886115962958605E-014
           7           5 -7.278048479097217E-009
           7           6 -1.479272525494267E-011
           7           7  6.235722756528167E-005
           7           8 -3.014975422518591E-013
           7           9 -8.020383089915990E-014
           7          10  1.011361294671706E-006
           7          11 -3.290864104358012E-021
           7          12 -1.898152989313164E-016
           7          13  6.686077692753603E-016
           7          14 -8.796747810085001E-009
           7          15  9.777948453089868E-009
           7          16 -2.524614107234708E-013
           7          17  6.305275775009809E-014
           7          18 -5.204518116731242E-005
           7          19  7.169588691746155E-005
           7          20 -4.912035054903497E-014
           7          21 -1.753756583345078E-014
           8           1 -1.028641892206450E-013
           8           2 -1.854639315826445E-014
           8           3 -1.253073423126944E-005
           8           4 -1.143881640318729E-005
           8           5 -3.766988526083997E-014
           8           6  9.559394280874001E-014
           8           7 -3.014975422518591E-013
           8           8 -4.117577908239970E-005
           8           9  2.184369313866079E-007
           8          10  1.000024074902559E-013
           8          11 -2.679037899763298E-015
           8          12 -3.010163757360863E-007
           8          13  1.071458562178459E-005
           8          14  1.603635356525013E-014
           8          15  3.091499596464177E-014
           8          16  4.723243536444263E-005
           8          17  7.074630127304487E-007
           8          18 -2.803731908533148E-013
           8          19 -6.353377617762690E-014
           8          20  5.186230189538747E-005
           8          21  3.621651442331496E-005
           9           1 -2.834853279494411E-014
           9           2  7.833103700221935E-014
           9           3  1.145400405464525E-005
           9           4 -1.246639361810877E-005
           9           5  9.558640012468772E-014
           9           6  3.766930826555318E-014
           9           7 -8.020383089915990E-014
           9           8  2.184369313866079E-007
           9           9 -4.086878117609078E-005
           9          10  2.466199152525670E-014
           9          11  1.270148770432147E-014
           9          12 -1.071231164704625E-005
           9          13 -3.040874184431473E-007
           9          14  3.090615695771998E-014
           9          15 -1.603026956860976E-014
           9          16  9.574617520035191E-007
           9          17 -4.740194237952847E-005
           9          18 -7.122839027000792E-014
           9          19 -1.658731416179222E-014
           9          20  3.646291335065607E-005
           9          21 -5.186305031860646E-005
          10           1  4.193156821179503E-005
          10           2  3.416199439161087E-021
          10           3 -1.632069614262149E-013
          10           4 -2.473992472121577E-013
          10           5  1.946490557700473E-007
          10           6  3.953530690065869E-010
          10           7  1.011361294671706E-006
          10           8  1.000024074902559E-013
          10           9  2.466199152525670E-014
          10          10  5.692658761275752E-005
          10          11  1.077339739027656E-020
          10          12  7.380330744068453E-014
          10          13 -2.561705670479812E-013
          10          14  2.088941757089387E-007
          10          15 -2.322196843294897E-007
          10          16  4.530741403936298E-014
          10          17 -1.026208911774232E-014
          10          18 -3.985256930779678E-006
          10          19  7.307267209325458E-006
          10          20 -1.835348891398308E-015
          10          21  1.371630328528831E-015
          11           1 -1.476946625988059E-020
          11           2  8.679888843506088E-005
          11           3 -2.227115356042495E-013
          11           4  1.471888998472398E-013
          11           5 -4.164464500638441E-010
          11           6  2.050378725118477E-007
          11           7 -3.290864104358012E-021
          11           8 -2.679037899763298E-015
          11           9  1.270148770432147E-014
          11          10  1.077339739027656E-020
          11          11  3.439684423501906E-006
          11          12 -2.393347487266486E-013
          11          13 -6.839266316468990E-014
          11          14  4.159084386863579E-007
          11          15  3.741318031941296E-007
          11          16 -1.594149199939611E-014
          11          17 -7.120002920148616E-014
          11          18 -4.960573872453201E-021
          11          19  2.575198154971041E-020
          11          20  3.156449398434888E-014
          11          21 -8.370622886688609E-014
          12           1  4.923043822446606E-014
          12           2 -1.514173444529784E-013
          12           3 -4.232562742236952E-005
          12           4  5.142550420350795E-005
          12           5  1.647089418525895E-013
          12           6  6.995518413318254E-014
          12           7 -1.898152989313164E-016
          12           8 -3.010163757360863E-007
          12           9 -1.071231164704625E-005
          12          10  7.380330744068453E-014
          12          11 -2.393347487266486E-013
          12          12 -2.104642356693385E-005
          12          13  9.240276171455687E-008
          12          14  2.094077036957484E-013
          12          15 -9.710921975545452E-014
          12          16  3.566599332086709E-007
          12          17 -4.277792230559070E-006
          12          18 -3.659031211327825E-014
          12          19  1.396750497096891E-014
          12          20  1.472047955236089E-005
          12          21 -1.929255762501047E-005
          13           1 -1.759597460813888E-013
          13           2 -4.405365842502809E-014
          13           3 -5.142546467309443E-005
          13           4 -4.232563535262366E-005
          13           5  6.995700514483129E-014
          13           6 -1.647086458273957E-013
          13           7  6.686077692753603E-016
          13           8  1.071458562178459E-005
          13           9 -3.040874184431473E-007
          13          10 -2.561705670479812E-013
          13          11 -6.839266316468990E-014
          13          12  9.240276171455687E-008
          13          13 -2.089626773604874E-005
          13          14 -9.711000020863427E-014
          13          15 -2.094091848075097E-013
          13          16 -4.298310517836027E-006
          13          17 -3.847439925745117E-007
          13          18  1.316472989714605E-013
          13          19 -4.942576935532405E-014
          13          20 -1.929334004991268E-005
          13          21 -1.474114246346647E-005
          14           1  5.490200420027357E-008
          14           2  9.905443324123433E-008
          14           3  5.777450172522960E-014
          14           4 -2.363072376380926E-013
          14           5  5.969774935751972E-005
          14           6  6.663702743326977E-005
          14           7 -8.796747810085001E-009
          14           8  1.603635356525013E-014
          14           9  3.090615695771998E-014
          14          10  2.088941757089387E-007
          14          11  4.159084386863579E-007
          14          12  2.094077036957484E-013
          14          13 -9.711000020863427E-014
          14          14 -9.892647634930925E-006
          14          15  0.000000000000000E+000
          14          16  4.184662551493562E-014
          14          17 -8.028516591660236E-014
          14          18 -4.949331123799328E-011
          14          19  5.186010801129664E-008
          14          20 -1.092624772602727E-014
          14          21  3.999220866311039E-015
          15           1 -6.103110653846050E-008
          15           2  8.910474114005113E-008
          15           3 -2.363074589324811E-013
          15           4 -5.777091890324853E-014
          15           5 -6.663283813953772E-005
          15           6  5.969044980261678E-005
          15           7  9.777948453089868E-009
          15           8  3.091499596464177E-014
          15           9 -1.603026956860976E-014
          15          10 -2.322196843294897E-007
          15          11  3.741318031941296E-007
          15          12 -9.710921975545452E-014
          15          13 -2.094091848075097E-013
          15          14  0.000000000000000E+000
          15          15 -9.901787526276837E-006
          15          16  8.028890815665679E-014
          15          17  4.184505749006657E-014
          15          18  5.423313667660500E-011
          15          19 -5.764910191949004E-008
          15          20 -4.002310889548520E-015
          15          21 -1.092610718783441E-014
          16           1 -1.265139229956964E-013
          16           2  5.382209588921797E-015
          16           3  2.838860229000695E-006
          16           4  2.335727335787222E-006
          16           5  1.001150376552520E-015
          16           6 -9.948254077886695E-016
          16           7 -2.524614107234708E-013
          16           8  4.723243536444263E-005
          16           9  9.574617520035191E-007
          16          10  4.530741403936298E-014
          16          11 -1.594149199939611E-014
          16          12  3.566599332086709E-007
          16          13 -4.298310517836027E-006
          16          14  4.184662551493562E-014
          16          15  8.028890815665679E-014
          16          16 -6.836481387420636E-005
          16          17 -2.623844993795259E-007
          16          18 -2.603629781600186E-013
          16          19  5.102740874707404E-014
          16          20  1.544296899716548E-006
          16          21  1.118004254990142E-006
          17           1  2.765480653573712E-014
          17           2  2.570830198391649E-014
          17           3  2.326691462079687E-006
          17           4 -2.874470809381186E-006
          17           5  1.002033038947567E-015
          17           6  1.005387120919418E-015
          17           7  6.305275775009809E-014
          17           8  7.074630127304487E-007
          17           9 -4.740194237952847E-005
          17          10 -1.026208911774232E-014
          17          11 -7.120002920148616E-014
          17          12 -4.277792230559070E-006
          17          13 -3.847439925745117E-007
          17          14 -8.028516591660236E-014
          17          15  4.184505749006657E-014
          17          16 -2.623844993795259E-007
          17          17 -6.802161737594886E-005
          17          18  6.020455610187983E-014
          17          19 -1.206470351373535E-014
          17          20 -1.361731185541784E-006
          17          21  1.540966902468879E-006
          18           1  1.883002448553942E-005
          18           2  5.197394850055545E-022
          18           3 -1.064953062875191E-014
          18           4 -1.615045566482641E-014
          18           5  2.337871590987600E-009
          18           6  4.745965204257832E-012
          18           7 -5.204518116731242E-005
          18           8 -2.803731908533148E-013
          18           9 -7.122839027000792E-014
          18          10 -3.985256930779678E-006
          18          11 -4.960573872453201E-021
          18          12 -3.659031211327825E-014
          18          13  1.316472989714605E-013
          18          14 -4.949331123799328E-011
          18          15  5.423313667660500E-011
          18          16 -2.603629781600186E-013
          18          17  6.020455610187983E-014
          18          18 -6.449703754091863E-005
          18          19 -9.909496052477589E-006
          18          20 -2.288017922614752E-013
          18          21 -8.779149777596138E-014
          19           1 -1.819727531938631E-005
          19           2 -7.741496146365007E-022
          19           3  8.595131101437070E-015
          19           4  8.259008575425067E-015
          19           5  3.481812446180729E-008
          19           6  7.266441294341173E-011
          19           7  7.169588691746155E-005
          19           8 -6.353377617762690E-014
          19           9 -1.658731416179222E-014
          19          10  7.307267209325458E-006
          19          11  2.575198154971041E-020
          19          12  1.396750497096891E-014
          19          13 -4.942576935532405E-014
          19          14  5.186010801129664E-008
          19          15 -5.764910191949004E-008
          19          16  5.102740874707404E-014
          19          17 -1.206470351373535E-014
          19          18 -9.909496052477589E-006
          19          19  1.370112850983466E-004
          19          20 -3.119961613064350E-013
          19          21 -1.130556329399668E-013
          20           1  1.221362470832311E-013
          20           2  8.433414058182240E-015
          20           3  3.947772275749332E-006
          20           4  1.625511109654035E-005
          20           5 -4.674452205162098E-015
          20           6 -1.352588476128930E-014
          20           7 -4.912035054903497E-014
          20           8  5.186230189538747E-005
          20           9  3.646291335065607E-005
          20          10 -1.835348891398308E-015
          20          11  3.156449398434888E-014
          20          12  1.472047955236089E-005
          20          13 -1.929334004991268E-005
          20          14 -1.092624772602727E-014
          20          15 -4.002310889548520E-015
          20          16  1.544296899716548E-006
          20          17 -1.361731185541784E-006
          20          18 -2.288017922614752E-013
          20          19 -3.119961613064350E-013
          20          20  2.805123185131298E-005
          20          21 -3.219885522626517E-007
          21           1  4.676245239515265E-014
          21           2 -2.023209836808110E-014
          21           3  1.624862510806225E-005
          21           4 -3.953571515324007E-006
          21           5  1.352026695514417E-014
          21           6 -4.679568806217878E-015
          21           7 -1.753756583345078E-014
          21           8  3.621651442331496E-005
          21           9 -5.186305031860646E-005
          21          10  1.371630328528831E-015
          21          11 -8.370622886688609E-014
          21          12 -1.929255762501047E-005
          21          13 -1.474114246346647E-005
          21          14  3.999220866311039E-015
          21          15 -1.092610718783441E-014
          21          16  1.118004254990142E-006
          21          17  1.540966902468879E-006
          21          18 -8.779149777596138E-014
          21          19 -1.130556329399668E-013
          21          20 -3.219885522626517E-007
          21          21  2.760449121160748E-005
 h_mdm at the first propagation step
           1           1  1.084202172485504E-019
           1           2  7.523163845262640E-037
           1           3  4.433688083284228E-022
           1           4 -2.382280164152720E-022
           1           5  3.970466940254533E-023
           1           6  4.807987310464473E-023
           1           7  1.355252715606881E-020
           1           8 -6.319659879905131E-022
           1           9  6.948317145445432E-022
           1          10 -6.776263578034403E-021
           1          11  2.708338984294550E-035
           1          12  1.369811094387814E-021
           1          13 -1.158052857574239E-022
           1          14 -5.293955920339377E-023
           1          15  1.191140082076360E-022
           1          16  2.428602278455689E-021
           1          17  5.691002614364830E-022
           1          18  3.388131789017201E-021
           1          19 -1.355252715606881E-020
           1          20 -3.007628707242809E-021
           1          21 -9.132073962585426E-022
           2           1  7.523163845262640E-037
           2           2 -1.355252715606881E-020
           2           3  2.408749943754417E-021
           2           4  2.024938139529812E-021
           2           5 -1.861156378244312E-022
           2           6  3.705769144237564E-022
           2           7  9.403954806578300E-037
           2           8  3.838118042246048E-022
           2           9 -1.445911710742692E-021
           2          10  7.523163845262640E-037
           2          11  2.710505431213761E-020
           2          12  2.369045274351871E-021
           2          13 -5.426304818347862E-022
           2          14  1.720535674110298E-022
           2          15 -4.102815838263017E-022
           2          16 -1.000888541189163E-022
           2          17 -4.400600858782107E-022
           2          18 -5.642372883946980E-037
           2          19 -8.463559325920470E-037
           2          20 -1.712263867984767E-022
           2          21  2.150669592637872E-023
           3           1  4.433688083284228E-022
           3           2  2.408749943754417E-021
           3           3 -1.355252715606881E-020
           3           4  3.970466940254533E-023
           3           5 -1.508777437296722E-021
           3           6  8.205631676526035E-022
           3           7 -4.168990287267259E-022
           3           8 -1.694065894508601E-021
           3           9 -3.388131789017201E-021
           3          10  3.467541127822292E-021
           3          11 -3.255782891008717E-021
           3          12  6.776263578034403E-021
           3          13 -6.776263578034403E-021
           3          14  5.108667463127499E-021
           3          15 -3.811648262644352E-021
           3          16  0.000000000000000E+000
           3          17 -4.235164736271502E-022
           3          18  3.391440511467413E-022
           3          19  1.158052857574239E-023
           3          20 -8.470329472543003E-022
           3          21  0.000000000000000E+000
           4           1 -2.382280164152720E-022
           4           2  2.024938139529812E-021
           4           3  3.970466940254533E-023
           4           4  1.355252715606881E-020
           4           5  5.955700410381799E-022
           4           6  3.216078221606172E-021
           4           7 -2.746239633676052E-022
           4           8  0.000000000000000E+000
           4           9 -3.388131789017201E-021
           4          10  2.084495143633630E-021
           4          11 -3.282252670610414E-021
           4          12  6.776263578034403E-021
           4          13  6.776263578034403E-021
           4          14 -1.174596469825299E-021
           4          15 -2.488159282559507E-021
           4          16  0.000000000000000E+000
           4          17 -4.235164736271502E-022
           4          18  4.177262093392790E-022
           4          19  1.571643163850753E-022
           4          20 -1.016439536705160E-020
           4          21  0.000000000000000E+000
           5           1  3.970466940254533E-023
           5           2 -1.861156378244312E-022
           5           3 -1.508777437296722E-021
           5           4  5.955700410381799E-022
           5           5  6.776263578034403E-021
           5           6  4.135903062765138E-024
           5           7  1.075334796318936E-023
           5           8  2.375662719252295E-021
           5           9  1.991850915027691E-021
           5          10 -5.293955920339377E-023
           5          11  2.357464745776129E-023
           5          12  7.163384104709220E-022
           5          13  4.307956630176168E-021
           5          14  0.000000000000000E+000
           5          15  0.000000000000000E+000
           5          16  7.858215819253763E-024
           5          17  1.964553954813441E-023
           5          18 -4.135903062765138E-025
           5          19 -3.308722450212111E-023
           5          20 -1.737079286361358E-022
           5          21  2.746239633676052E-022
           6           1  4.807987310464473E-023
           6           2  3.705769144237564E-022
           6           3  8.205631676526035E-022
           6           4  3.216078221606172E-021
           6           5  4.135903062765138E-024
           6           6  0.000000000000000E+000
           6           7  1.189072130544977E-024
           6           8  7.527343574232552E-023
           6           9 -5.691002614364830E-022
           6          10 -7.527343574232552E-023
           6          11 -7.940933880509066E-023
           6          12  2.236696376343387E-021
           6          13 -5.641371777611649E-022
           6          14 -4.065758146820642E-020
           6          15  5.421010862427522E-020
           6          16 -7.444625512977249E-024
           6          17  4.590852399669304E-023
           6          18  2.591401762763782E-024
           6          19 -3.417289905609696E-023
           6          20 -1.745351092486888E-022
           6          21 -1.058791184067875E-022
           7           1  1.355252715606881E-020
           7           2  9.403954806578300E-037
           7           3 -4.168990287267259E-022
           7           4 -2.746239633676052E-022
           7           5  1.075334796318936E-023
           7           6  1.189072130544977E-024
           7           7  0.000000000000000E+000
           7           8 -5.558653716356346E-022
           7           9 -3.599890025830776E-021
           7          10 -1.058791184067875E-021
           7          11  1.504632769052528E-036
           7          12 -1.085674553975849E-024
           7          13 -8.995589161514176E-024
           7          14 -8.271806125530277E-024
           7          15  1.654361225106055E-024
           7          16 -4.843969667110530E-021
           7          17 -3.573420246229080E-022
           7          18 -6.776263578034403E-021
           7          19 -2.710505431213761E-020
           7          20  3.391440511467413E-022
           7          21  1.472381490344389E-021
           8           1 -6.319659879905131E-022
           8           2  3.838118042246048E-022
           8           3 -1.694065894508601E-021
           8           4  0.000000000000000E+000
           8           5  2.375662719252295E-021
           8           6  7.527343574232552E-023
           8           7 -5.558653716356346E-022
           8           8  3.388131789017201E-020
           8           9 -9.529120656610879E-022
           8          10 -1.598112943452449E-021
           8          11  1.279545010042965E-023
           8          12 -1.588186776101813E-022
           8          13 -1.694065894508601E-021
           8          14 -1.373119816838026E-022
           8          15 -8.503416697045124E-022
           8          16 -2.032879073410321E-020
           8          17  1.058791184067875E-022
           8          18 -9.264422860593910E-023
           8          19 -3.077111878697263E-022
           8          20  2.032879073410321E-020
           8          21 -6.776263578034403E-021
           9           1  6.948317145445432E-022
           9           2 -1.445911710742692E-021
           9           3 -3.388131789017201E-021
           9           4 -3.388131789017201E-021
           9           5  1.991850915027691E-021
           9           6 -5.691002614364830E-022
           9           7 -3.599890025830776E-021
           9           8 -9.529120656610879E-022
           9           9  6.776263578034403E-021
           9          10  3.573420246229080E-022
           9          11 -4.645136127368096E-023
           9          12  0.000000000000000E+000
           9          13 -1.588186776101813E-022
           9          14 -4.483318920037410E-022
           9          15 -2.398823776403780E-022
           9          16  6.352747104407253E-022
           9          17  0.000000000000000E+000
           9          18  2.276401045745932E-021
           9          19  6.385834328909374E-022
           9          20 -1.355252715606881E-020
           9          21  3.388131789017201E-020
          10           1 -6.776263578034403E-021
          10           2  7.523163845262640E-037
          10           3  3.467541127822292E-021
          10           4  2.084495143633630E-021
          10           5 -5.293955920339377E-023
          10           6 -7.527343574232552E-023
          10           7 -1.058791184067875E-021
          10           8 -1.598112943452449E-021
          10           9  3.573420246229080E-022
          10          10 -1.355252715606881E-020
          10          11 -1.655096045957781E-035
          10          12  4.261634515873199E-021
          10          13 -9.813670787329120E-021
          10          14 -7.940933880509066E-023
          10          15 -3.441071348220595E-022
          10          16  2.034864306880448E-022
          10          17  1.273858143331663E-022
          10          18  0.000000000000000E+000
          10          19  1.694065894508601E-021
          10          20 -3.308722450212111E-024
          10          21  1.670904837357116E-022
          11           1  2.708338984294550E-035
          11           2  2.710505431213761E-020
          11           3 -3.255782891008717E-021
          11           4 -3.282252670610414E-021
          11           5  2.357464745776129E-023
          11           6 -7.940933880509066E-023
          11           7  1.504632769052528E-036
          11           8  1.279545010042965E-023
          11           9 -4.645136127368096E-023
          11          10 -1.655096045957781E-035
          11          11  4.235164736271502E-022
          11          12  1.958763690525570E-021
          11          13  2.342575494750174E-021
          11          14  4.235164736271502E-022
          11          15  1.588186776101813E-022
          11          16 -4.963083675318166E-023
          11          17  5.244325083586195E-022
          11          18 -8.275480229788904E-036
          11          19  1.805559322863034E-035
          11          20  2.633743070368840E-021
          11          21  1.229190390253799E-021
          12           1  1.369811094387814E-021
          12           2  2.369045274351871E-021
          12           3  6.776263578034403E-021
          12           4  6.776263578034403E-021
          12           5  7.163384104709220E-022
          12           6  2.236696376343387E-021
          12           7 -1.085674553975849E-024
          12           8 -1.588186776101813E-022
          12           9  0.000000000000000E+000
          12          10  4.261634515873199E-021
          12          11  1.958763690525570E-021
          12          12 -6.776263578034403E-021
          12          13 -1.588186776101813E-022
          12          14 -4.539567201691016E-021
          12          15 -8.735027268559972E-022
          12          16  1.588186776101813E-022
          12          17  3.388131789017201E-021
          12          18 -5.029258124322408E-022
          12          19 -1.455837878093329E-022
          12          20 -6.776263578034403E-021
          12          21  1.694065894508601E-020
          13           1 -1.158052857574239E-022
          13           2 -5.426304818347862E-022
          13           3 -6.776263578034403E-021
          13           4  6.776263578034403E-021
          13           5  4.307956630176168E-021
          13           6 -5.641371777611649E-022
          13           7 -8.995589161514176E-024
          13           8 -1.694065894508601E-021
          13           9 -1.588186776101813E-022
          13          10 -9.813670787329120E-021
          13          11  2.342575494750174E-021
          13          12 -1.588186776101813E-022
          13          13  3.388131789017201E-021
          13          14 -2.395515053953568E-021
          13          15 -7.676236084492097E-022
          13          16  8.470329472543003E-022
          13          17 -2.117582368135751E-022
          13          18  3.705769144237564E-021
          13          19 -1.642780696530313E-021
          13          20  1.016439536705160E-020
          13          21 -1.524659305057741E-020
          14           1 -5.293955920339377E-023
          14           2  1.720535674110298E-022
          14           3  5.108667463127499E-021
          14           4 -1.174596469825299E-021
          14           5  0.000000000000000E+000
          14           6 -4.065758146820642E-020
          14           7 -8.271806125530277E-024
          14           8 -1.373119816838026E-022
          14           9 -4.483318920037410E-022
          14          10 -7.940933880509066E-023
          14          11  4.235164736271502E-022
          14          12 -4.539567201691016E-021
          14          13 -2.395515053953568E-021
          14          14  0.000000000000000E+000
          14          15  0.000000000000000E+000
          14          16  6.154223757394526E-022
          14          17 -1.217609861678057E-021
          14          18  3.554291694563791E-025
          14          19  6.617444900424221E-024
          14          20  1.654361225106055E-024
          14          21 -2.977850205190900E-022
          15           1  1.191140082076360E-022
          15           2 -4.102815838263017E-022
          15           3 -3.811648262644352E-021
          15           4 -2.488159282559507E-021
          15           5  0.000000000000000E+000
          15           6  5.421010862427522E-020
          15           7  1.654361225106055E-024
          15           8 -8.503416697045124E-022
          15           9 -2.398823776403780E-022
          15          10 -3.441071348220595E-022
          15          11  1.588186776101813E-022
          15          12 -8.735027268559972E-022
          15          13 -7.676236084492097E-022
          15          14  0.000000000000000E+000
          15          15 -1.016439536705160E-020
          15          16 -1.323488980084844E-022
          15          17  1.029012682015966E-021
          15          18  1.550963648536927E-025
          15          19  5.955700410381799E-023
          15          20 -1.720535674110298E-022
          15          21 -7.940933880509066E-023
          16           1  2.428602278455689E-021
          16           2 -1.000888541189163E-022
          16           3  0.000000000000000E+000
          16           4  0.000000000000000E+000
          16           5  7.858215819253763E-024
          16           6 -7.444625512977249E-024
          16           7 -4.843969667110530E-021
          16           8 -2.032879073410321E-020
          16           9  6.352747104407253E-022
          16          10  2.034864306880448E-022
          16          11 -4.963083675318166E-023
          16          12  1.588186776101813E-022
          16          13  8.470329472543003E-022
          16          14  6.154223757394526E-022
          16          15 -1.323488980084844E-022
          16          16  0.000000000000000E+000
          16          17  3.705769144237564E-022
          16          18  1.019086514665330E-021
          16          19  1.340032592335905E-022
          16          20 -4.235164736271502E-022
          16          21 -6.352747104407253E-022
          17           1  5.691002614364830E-022
          17           2 -4.400600858782107E-022
          17           3 -4.235164736271502E-022
          17           4 -4.235164736271502E-022
          17           5  1.964553954813441E-023
          17           6  4.590852399669304E-023
          17           7 -3.573420246229080E-022
          17           8  1.058791184067875E-022
          17           9  0.000000000000000E+000
          17          10  1.273858143331663E-022
          17          11  5.244325083586195E-022
          17          12  3.388131789017201E-021
          17          13 -2.117582368135751E-022
          17          14 -1.217609861678057E-021
          17          15  1.029012682015966E-021
          17          16  3.705769144237564E-022
          17          17 -2.710505431213761E-020
          17          18  3.202843331805323E-021
          17          19  5.856438736875436E-022
          17          20  6.352747104407253E-022
          17          21  4.235164736271502E-022
          18           1  3.388131789017201E-021
          18           2 -5.642372883946980E-037
          18           3  3.391440511467413E-022
          18           4  4.177262093392790E-022
          18           5 -4.135903062765138E-025
          18           6  2.591401762763782E-024
          18           7 -6.776263578034403E-021
          18           8 -9.264422860593910E-023
          18           9  2.276401045745932E-021
          18          10  0.000000000000000E+000
          18          11 -8.275480229788904E-036
          18          12 -5.029258124322408E-022
          18          13  3.705769144237564E-021
          18          14  3.554291694563791E-025
          18          15  1.550963648536927E-025
          18          16  1.019086514665330E-021
          18          17  3.202843331805323E-021
          18          18  0.000000000000000E+000
          18          19  8.470329472543003E-021
          18          20  2.671793378546279E-021
          18          21 -7.967403660110763E-021
          19           1 -1.355252715606881E-020
          19           2 -8.463559325920470E-037
          19           3  1.158052857574239E-023
          19           4  1.571643163850753E-022
          19           5 -3.308722450212111E-023
          19           6 -3.417289905609696E-023
          19           7 -2.710505431213761E-020
          19           8 -3.077111878697263E-022
          19           9  6.385834328909374E-022
          19          10  1.694065894508601E-021
          19          11  1.805559322863034E-035
          19          12 -1.455837878093329E-022
          19          13 -1.642780696530313E-021
          19          14  6.617444900424221E-024
          19          15  5.955700410381799E-023
          19          16  1.340032592335905E-022
          19          17  5.856438736875436E-022
          19          18  8.470329472543003E-021
          19          19 -1.084202172485504E-019
          19          20 -7.527343574232552E-021
          19          21  3.732238923839261E-021
          20           1 -3.007628707242809E-021
          20           2 -1.712263867984767E-022
          20           3 -8.470329472543003E-022
          20           4 -1.016439536705160E-020
          20           5 -1.737079286361358E-022
          20           6 -1.745351092486888E-022
          20           7  3.391440511467413E-022
          20           8  2.032879073410321E-020
          20           9 -1.355252715606881E-020
          20          10 -3.308722450212111E-024
          20          11  2.633743070368840E-021
          20          12 -6.776263578034403E-021
          20          13  1.016439536705160E-020
          20          14  1.654361225106055E-024
          20          15 -1.720535674110298E-022
          20          16 -4.235164736271502E-022
          20          17  6.352747104407253E-022
          20          18  2.671793378546279E-021
          20          19 -7.527343574232552E-021
          20          20  6.776263578034403E-021
          20          21 -9.529120656610879E-022
          21           1 -9.132073962585426E-022
          21           2  2.150669592637872E-023
          21           3  0.000000000000000E+000
          21           4  0.000000000000000E+000
          21           5  2.746239633676052E-022
          21           6 -1.058791184067875E-022
          21           7  1.472381490344389E-021
          21           8 -6.776263578034403E-021
          21           9  3.388131789017201E-020
          21          10  1.670904837357116E-022
          21          11  1.229190390253799E-021
          21          12  1.694065894508601E-020
          21          13 -1.524659305057741E-020
          21          14 -2.977850205190900E-022
          21          15 -7.940933880509066E-023
          21          16 -6.352747104407253E-022
          21          17  4.235164736271502E-022
          21          18 -7.967403660110763E-021
          21          19  3.732238923839261E-021
          21          20 -9.529120656610879E-022
          21          21  0.000000000000000E+000
Done , total elapsed time   801.356s
