 Number to append to dat file
 Number of CIS states          20
 Time step (in au) and number of steps  0.200000000000000              100
 Time shape of the perturbing fieldpip
 time at the center of the pulse (au):   20.0000000000000     
 Width of the pulse (time au):   250.000000000000     
 Frequency (au):  0.262961000000000     
 Molecular center of charge
  0.000000000000000E+000  0.000000000000000E+000  0.000000000000000E+000
 Excitation energies read from input, in Hartree
           1  0.239112586453266     
           2  0.241826934444482     
           3  0.241826934444483     
           4  0.248364097359873     
           5  0.248364097359873     
           6  0.263270199733100     
           7  0.290161822174999     
           8  0.290161822175000     
           9  0.305231458544038     
          10  0.330367998998101     
          11  0.332490283548124     
          12  0.332490283548125     
          13  0.335926858919788     
          14  0.335926858919788     
          15  0.370836751304406     
          16  0.370836751304407     
          17  0.383498978420701     
          18  0.392838853504006     
          19  0.418787031104571     
          20  0.418787031104575     
 
 Nanoparticle as external medium
 This is a standard PCM nanoparticle run
 This run just writes matrices and boundary
 Use GS RF as coded in the ci_energy.inp values
Done reading input & setting up the field, took     0.001s
 Created output file with surface points
 Created charges0.inp file with zero charges
 Matrixes S D have been written out, I'll stop now
